<?xml version="1.0" encoding="UTF-8"?>
<coverage generated="1613502881478" clover="3.2.0">
  <project timestamp="1613502881478" name="All files">
    <metrics statements="120" coveredstatements="101" conditionals="50" coveredconditionals="30" methods="28" coveredmethods="18" elements="198" coveredelements="149" complexity="0" loc="120" ncloc="120" packages="1" files="1" classes="1"/>
    <file name="index.ts" path="/Users/unlimited/errory/src/index.ts">
      <metrics statements="120" coveredstatements="101" conditionals="50" coveredconditionals="30" methods="28" coveredmethods="18"/>
      <line num="1" count="1" type="stmt"/>
      <line num="2" count="1" type="stmt"/>
      <line num="3" count="1" type="stmt"/>
      <line num="122" count="1" type="stmt"/>
      <line num="124" count="17" type="cond" truecount="2" falsecount="0"/>
      <line num="126" count="9" type="stmt"/>
      <line num="127" count="9" type="stmt"/>
      <line num="131" count="9" type="stmt"/>
      <line num="132" count="9" type="stmt"/>
      <line num="133" count="19" type="stmt"/>
      <line num="135" count="9" type="stmt"/>
      <line num="215" count="9" type="stmt"/>
      <line num="217" count="9" type="stmt"/>
      <line num="225" count="9" type="stmt"/>
      <line num="226" count="9" type="stmt"/>
      <line num="229" count="9" type="stmt"/>
      <line num="230" count="11" type="cond" truecount="1" falsecount="1"/>
      <line num="231" count="11" type="stmt"/>
      <line num="233" count="0" type="cond" truecount="0" falsecount="2"/>
      <line num="234" count="0" type="cond" truecount="0" falsecount="4"/>
      <line num="238" count="0" type="stmt"/>
      <line num="240" count="0" type="stmt"/>
      <line num="243" count="9" type="stmt"/>
      <line num="248" count="11" type="cond" truecount="2" falsecount="2"/>
      <line num="249" count="11" type="stmt"/>
      <line num="251" count="0" type="stmt"/>
      <line num="254" count="9" type="stmt"/>
      <line num="255" count="11" type="stmt"/>
      <line num="258" count="9" type="stmt"/>
      <line num="259" count="16" type="stmt"/>
      <line num="263" count="7" type="stmt"/>
      <line num="264" count="7" type="stmt"/>
      <line num="265" count="16" type="cond" truecount="1" falsecount="1"/>
      <line num="266" count="0" type="stmt"/>
      <line num="271" count="7" type="stmt"/>
      <line num="273" count="7" type="stmt"/>
      <line num="277" count="101" type="stmt"/>
      <line num="285" count="7" type="stmt"/>
      <line num="288" count="78" type="stmt"/>
      <line num="291" count="7" type="stmt"/>
      <line num="294" count="7" type="stmt"/>
      <line num="296" count="7" type="stmt"/>
      <line num="297" count="7" type="stmt"/>
      <line num="298" count="7" type="stmt"/>
      <line num="299" count="7" type="stmt"/>
      <line num="300" count="7" type="stmt"/>
      <line num="301" count="7" type="cond" truecount="1" falsecount="1"/>
      <line num="302" count="7" type="stmt"/>
      <line num="303" count="7" type="stmt"/>
      <line num="304" count="7" type="stmt"/>
      <line num="308" count="7" type="cond" truecount="4" falsecount="0"/>
      <line num="309" count="1" type="stmt"/>
      <line num="312" count="7" type="stmt"/>
      <line num="313" count="11" type="cond" truecount="2" falsecount="0"/>
      <line num="314" count="10" type="stmt"/>
      <line num="316" count="1" type="cond" truecount="1" falsecount="1"/>
      <line num="317" count="0" type="stmt"/>
      <line num="318" count="0" type="stmt"/>
      <line num="319" count="0" type="stmt"/>
      <line num="321" count="0" type="stmt"/>
      <line num="323" count="1" type="stmt"/>
      <line num="326" count="7" type="stmt"/>
      <line num="332" count="22" type="cond" truecount="1" falsecount="1"/>
      <line num="334" count="11" type="stmt"/>
      <line num="343" count="11" type="stmt"/>
      <line num="346" count="7" type="stmt"/>
      <line num="357" count="7" type="stmt"/>
      <line num="367" count="0" type="stmt"/>
      <line num="379" count="16" type="stmt"/>
      <line num="381" count="16" type="stmt"/>
      <line num="382" count="16" type="stmt"/>
      <line num="384" count="0" type="stmt"/>
      <line num="393" count="7" type="stmt"/>
      <line num="402" count="7" type="stmt"/>
      <line num="403" count="11" type="stmt"/>
      <line num="404" count="11" type="stmt"/>
      <line num="405" count="11" type="stmt"/>
      <line num="406" count="11" type="stmt"/>
      <line num="407" count="11" type="stmt"/>
      <line num="408" count="11" type="stmt"/>
      <line num="411" count="7" type="stmt"/>
      <line num="414" count="7" type="stmt"/>
      <line num="416" count="7" type="cond" truecount="4" falsecount="0"/>
      <line num="417" count="2" type="stmt"/>
      <line num="419" count="5" type="cond" truecount="2" falsecount="0"/>
      <line num="420" count="1" type="stmt"/>
      <line num="422" count="4" type="stmt"/>
      <line num="423" count="4" type="stmt"/>
      <line num="424" count="4" type="stmt"/>
      <line num="434" count="4" type="stmt"/>
      <line num="435" count="4" type="stmt"/>
      <line num="443" count="7" type="stmt"/>
      <line num="444" count="0" type="cond" truecount="0" falsecount="2"/>
      <line num="445" count="0" type="stmt"/>
      <line num="463" count="7" type="stmt"/>
      <line num="464" count="0" type="stmt"/>
      <line num="471" count="7" type="stmt"/>
      <line num="472" count="0" type="stmt"/>
      <line num="479" count="7" type="stmt"/>
      <line num="480" count="4" type="stmt"/>
      <line num="487" count="7" type="stmt"/>
      <line num="488" count="0" type="stmt"/>
      <line num="495" count="7" type="stmt"/>
      <line num="496" count="1" type="stmt"/>
      <line num="502" count="7" type="stmt"/>
      <line num="505" count="9" type="stmt"/>
      <line num="506" count="15" type="stmt"/>
      <line num="507" count="7" type="cond" truecount="1" falsecount="1"/>
      <line num="508" count="0" type="stmt"/>
      <line num="510" count="7" type="stmt"/>
      <line num="513" count="9" type="stmt"/>
      <line num="515" count="3" type="cond" truecount="1" falsecount="1"/>
      <line num="516" count="3" type="cond" truecount="2" falsecount="0"/>
      <line num="517" count="2" type="cond" truecount="2" falsecount="0"/>
      <line num="518" count="1" type="stmt"/>
      <line num="520" count="1" type="stmt"/>
      <line num="522" count="1" type="stmt"/>
      <line num="524" count="0" type="stmt"/>
      <line num="531" count="9" type="stmt"/>
      <line num="534" count="1" type="stmt"/>
    </file>
  </project>
</coverage>
