{"/Users/unlimited/errory/src/index.ts": {"path":"/Users/unlimited/errory/src/index.ts","statementMap":{"0":{"start":{"line":1,"column":0},"end":{"line":1,"column":65}},"1":{"start":{"line":2,"column":0},"end":{"line":2,"column":37}},"2":{"start":{"line":3,"column":0},"end":{"line":3,"column":27}},"3":{"start":{"line":122,"column":26},"end":{"line":532,"column":1}},"4":{"start":{"line":124,"column":1},"end":{"line":124,"column":null}},"5":{"start":{"line":126,"column":25},"end":{"line":136,"column":2}},"6":{"start":{"line":127,"column":50},"end":{"line":129,"column":null}},"7":{"start":{"line":131,"column":25},"end":{"line":131,"column":27}},"8":{"start":{"line":132,"column":2},"end":{"line":134,"column":null}},"9":{"start":{"line":133,"column":3},"end":{"line":133,"column":null}},"10":{"start":{"line":135,"column":2},"end":{"line":135,"column":null}},"11":{"start":{"line":215,"column":28},"end":{"line":215,"column":55}},"12":{"start":{"line":217,"column":31},"end":{"line":223,"column":null}},"13":{"start":{"line":225,"column":28},"end":{"line":227,"column":2}},"14":{"start":{"line":226,"column":2},"end":{"line":226,"column":null}},"15":{"start":{"line":229,"column":29},"end":{"line":241,"column":2}},"16":{"start":{"line":230,"column":2},"end":{"line":232,"column":null}},"17":{"start":{"line":231,"column":3},"end":{"line":231,"column":null}},"18":{"start":{"line":233,"column":2},"end":{"line":239,"column":null}},"19":{"start":{"line":234,"column":25},"end":{"line":236,"column":null}},"20":{"start":{"line":238,"column":3},"end":{"line":238,"column":null}},"21":{"start":{"line":240,"column":2},"end":{"line":240,"column":null}},"22":{"start":{"line":243,"column":20},"end":{"line":252,"column":2}},"23":{"start":{"line":248,"column":2},"end":{"line":250,"column":null}},"24":{"start":{"line":249,"column":3},"end":{"line":249,"column":null}},"25":{"start":{"line":251,"column":2},"end":{"line":251,"column":null}},"26":{"start":{"line":254,"column":23},"end":{"line":256,"column":2}},"27":{"start":{"line":255,"column":2},"end":{"line":255,"column":null}},"28":{"start":{"line":258,"column":20},"end":{"line":260,"column":2}},"29":{"start":{"line":259,"column":2},"end":{"line":259,"column":null}},"30":{"start":{"line":263,"column":53},"end":{"line":263,"column":62}},"31":{"start":{"line":264,"column":2},"end":{"line":268,"column":null}},"32":{"start":{"line":265,"column":3},"end":{"line":267,"column":null}},"33":{"start":{"line":266,"column":4},"end":{"line":266,"column":null}},"34":{"start":{"line":271,"column":12},"end":{"line":271,"column":63}},"35":{"start":{"line":273,"column":18},"end":{"line":283,"column":3}},"36":{"start":{"line":277,"column":3},"end":{"line":282,"column":null}},"37":{"start":{"line":285,"column":18},"end":{"line":289,"column":3}},"38":{"start":{"line":288,"column":3},"end":{"line":288,"column":null}},"39":{"start":{"line":291,"column":22},"end":{"line":291,"column":49}},"40":{"start":{"line":294,"column":2},"end":{"line":294,"column":null}},"41":{"start":{"line":296,"column":2},"end":{"line":296,"column":null}},"42":{"start":{"line":297,"column":2},"end":{"line":297,"column":null}},"43":{"start":{"line":298,"column":2},"end":{"line":298,"column":null}},"44":{"start":{"line":299,"column":2},"end":{"line":299,"column":null}},"45":{"start":{"line":300,"column":2},"end":{"line":300,"column":null}},"46":{"start":{"line":301,"column":2},"end":{"line":301,"column":null}},"47":{"start":{"line":302,"column":2},"end":{"line":302,"column":null}},"48":{"start":{"line":303,"column":2},"end":{"line":303,"column":null}},"49":{"start":{"line":304,"column":2},"end":{"line":304,"column":null}},"50":{"start":{"line":308,"column":2},"end":{"line":310,"column":null}},"51":{"start":{"line":309,"column":3},"end":{"line":309,"column":null}},"52":{"start":{"line":312,"column":29},"end":{"line":324,"column":3}},"53":{"start":{"line":313,"column":3},"end":{"line":315,"column":null}},"54":{"start":{"line":314,"column":4},"end":{"line":314,"column":null}},"55":{"start":{"line":316,"column":3},"end":{"line":322,"column":null}},"56":{"start":{"line":317,"column":20},"end":{"line":317,"column":22}},"57":{"start":{"line":318,"column":4},"end":{"line":320,"column":null}},"58":{"start":{"line":318,"column":17},"end":{"line":318,"column":18}},"59":{"start":{"line":319,"column":5},"end":{"line":319,"column":null}},"60":{"start":{"line":321,"column":4},"end":{"line":321,"column":null}},"61":{"start":{"line":323,"column":3},"end":{"line":323,"column":null}},"62":{"start":{"line":326,"column":21},"end":{"line":344,"column":3}},"63":{"start":{"line":332,"column":3},"end":{"line":332,"column":null}},"64":{"start":{"line":334,"column":18},"end":{"line":342,"column":89}},"65":{"start":{"line":343,"column":3},"end":{"line":343,"column":null}},"66":{"start":{"line":346,"column":2},"end":{"line":355,"column":null}},"67":{"start":{"line":357,"column":2},"end":{"line":376,"column":null}},"68":{"start":{"line":367,"column":4},"end":{"line":374,"column":null}},"69":{"start":{"line":381,"column":4},"end":{"line":381,"column":83}},"70":{"start":{"line":382,"column":3},"end":{"line":389,"column":null}},"71":{"start":{"line":384,"column":5},"end":{"line":384,"column":null}},"72":{"start":{"line":379,"column":2},"end":{"line":390,"column":null}},"73":{"start":{"line":379,"column":13},"end":{"line":379,"column":24}},"74":{"start":{"line":393,"column":2},"end":{"line":398,"column":null}},"75":{"start":{"line":402,"column":23},"end":{"line":409,"column":3}},"76":{"start":{"line":403,"column":23},"end":{"line":403,"column":44}},"77":{"start":{"line":404,"column":19},"end":{"line":404,"column":42}},"78":{"start":{"line":405,"column":3},"end":{"line":405,"column":null}},"79":{"start":{"line":406,"column":27},"end":{"line":406,"column":71}},"80":{"start":{"line":407,"column":21},"end":{"line":407,"column":71}},"81":{"start":{"line":408,"column":3},"end":{"line":408,"column":null}},"82":{"start":{"line":411,"column":2},"end":{"line":411,"column":null}},"83":{"start":{"line":414,"column":2},"end":{"line":440,"column":null}},"84":{"start":{"line":416,"column":4},"end":{"line":418,"column":null}},"85":{"start":{"line":417,"column":5},"end":{"line":417,"column":null}},"86":{"start":{"line":419,"column":4},"end":{"line":421,"column":null}},"87":{"start":{"line":420,"column":5},"end":{"line":420,"column":null}},"88":{"start":{"line":422,"column":4},"end":{"line":422,"column":null}},"89":{"start":{"line":423,"column":4},"end":{"line":423,"column":null}},"90":{"start":{"line":424,"column":4},"end":{"line":433,"column":null}},"91":{"start":{"line":434,"column":4},"end":{"line":434,"column":null}},"92":{"start":{"line":435,"column":4},"end":{"line":435,"column":null}},"93":{"start":{"line":443,"column":2},"end":{"line":460,"column":null}},"94":{"start":{"line":444,"column":11},"end":{"line":444,"column":null}},"95":{"start":{"line":445,"column":4},"end":{"line":455,"column":null}},"96":{"start":{"line":463,"column":2},"end":{"line":468,"column":null}},"97":{"start":{"line":464,"column":14},"end":{"line":464,"column":null}},"98":{"start":{"line":471,"column":2},"end":{"line":476,"column":null}},"99":{"start":{"line":472,"column":14},"end":{"line":472,"column":null}},"100":{"start":{"line":479,"column":2},"end":{"line":484,"column":null}},"101":{"start":{"line":480,"column":14},"end":{"line":480,"column":null}},"102":{"start":{"line":487,"column":2},"end":{"line":492,"column":null}},"103":{"start":{"line":488,"column":14},"end":{"line":488,"column":null}},"104":{"start":{"line":495,"column":2},"end":{"line":500,"column":null}},"105":{"start":{"line":496,"column":16},"end":{"line":496,"column":null}},"106":{"start":{"line":502,"column":2},"end":{"line":502,"column":null}},"107":{"start":{"line":505,"column":1},"end":{"line":505,"column":null}},"108":{"start":{"line":506,"column":59},"end":{"line":506,"column":73}},"109":{"start":{"line":507,"column":2},"end":{"line":509,"column":null}},"110":{"start":{"line":508,"column":3},"end":{"line":508,"column":null}},"111":{"start":{"line":510,"column":2},"end":{"line":510,"column":null}},"112":{"start":{"line":513,"column":1},"end":{"line":529,"column":null}},"113":{"start":{"line":515,"column":3},"end":{"line":523,"column":null}},"114":{"start":{"line":516,"column":4},"end":{"line":521,"column":null}},"115":{"start":{"line":517,"column":5},"end":{"line":519,"column":null}},"116":{"start":{"line":518,"column":6},"end":{"line":518,"column":null}},"117":{"start":{"line":520,"column":5},"end":{"line":520,"column":null}},"118":{"start":{"line":522,"column":4},"end":{"line":522,"column":null}},"119":{"start":{"line":524,"column":3},"end":{"line":524,"column":null}},"120":{"start":{"line":531,"column":1},"end":{"line":531,"column":null}},"121":{"start":{"line":122,"column":13},"end":{"line":122,"column":26}},"122":{"start":{"line":534,"column":14},"end":{"line":542,"column":2}}},"fnMap":{"0":{"name":"(anonymous_1)","decl":{"start":{"line":122,"column":26},"end":{"line":122,"column":null}},"loc":{"start":{"line":124,"column":19},"end":{"line":532,"column":1}}},"1":{"name":"(anonymous_2)","decl":{"start":{"line":126,"column":25},"end":{"line":126,"column":26}},"loc":{"start":{"line":126,"column":41},"end":{"line":136,"column":2}}},"2":{"name":"(anonymous_3)","decl":{"start":{"line":225,"column":28},"end":{"line":225,"column":29}},"loc":{"start":{"line":225,"column":45},"end":{"line":227,"column":2}}},"3":{"name":"(anonymous_4)","decl":{"start":{"line":229,"column":29},"end":{"line":229,"column":30}},"loc":{"start":{"line":229,"column":82},"end":{"line":241,"column":2}}},"4":{"name":"(anonymous_5)","decl":{"start":{"line":243,"column":20},"end":{"line":243,"column":null}},"loc":{"start":{"line":246,"column":26},"end":{"line":252,"column":2}}},"5":{"name":"(anonymous_6)","decl":{"start":{"line":254,"column":23},"end":{"line":254,"column":24}},"loc":{"start":{"line":254,"column":49},"end":{"line":256,"column":2}}},"6":{"name":"(anonymous_7)","decl":{"start":{"line":258,"column":20},"end":{"line":258,"column":21}},"loc":{"start":{"line":258,"column":73},"end":{"line":260,"column":2}}},"7":{"name":"errorFactory","decl":{"start":{"line":262,"column":10},"end":{"line":262,"column":22}},"loc":{"start":{"line":262,"column":51},"end":{"line":503,"column":2}}},"8":{"name":"(anonymous_9)","decl":{"start":{"line":273,"column":18},"end":{"line":273,"column":null}},"loc":{"start":{"line":275,"column":15},"end":{"line":283,"column":3}}},"9":{"name":"(anonymous_10)","decl":{"start":{"line":285,"column":18},"end":{"line":285,"column":null}},"loc":{"start":{"line":286,"column":10},"end":{"line":289,"column":3}}},"10":{"name":"(anonymous_11)","decl":{"start":{"line":312,"column":29},"end":{"line":312,"column":30}},"loc":{"start":{"line":312,"column":65},"end":{"line":324,"column":3}}},"11":{"name":"(anonymous_12)","decl":{"start":{"line":326,"column":21},"end":{"line":326,"column":null}},"loc":{"start":{"line":332,"column":21},"end":{"line":344,"column":3}}},"12":{"name":"(anonymous_13)","decl":{"start":{"line":359,"column":3},"end":{"line":359,"column":null}},"loc":{"start":{"line":365,"column":18},"end":{"line":375,"column":4}}},"13":{"name":"(anonymous_15)","decl":{"start":{"line":383,"column":11},"end":{"line":383,"column":null}},"loc":{"start":{"line":383,"column":11},"end":{"line":385,"column":5}}},"14":{"name":"(anonymous_16)","decl":{"start":{"line":402,"column":23},"end":{"line":402,"column":null}},"loc":{"start":{"line":402,"column":23},"end":{"line":409,"column":3}}},"15":{"name":"(anonymous_17)","decl":{"start":{"line":415,"column":10},"end":{"line":415,"column":32}},"loc":{"start":{"line":415,"column":78},"end":{"line":436,"column":4}}},"16":{"name":"(anonymous_18)","decl":{"start":{"line":444,"column":10},"end":{"line":444,"column":11}},"loc":{"start":{"line":444,"column":34},"end":{"line":456,"column":4}}},"17":{"name":"(anonymous_19)","decl":{"start":{"line":464,"column":8},"end":{"line":464,"column":14}},"loc":{"start":{"line":464,"column":8},"end":{"line":464,"column":21}}},"18":{"name":"(anonymous_20)","decl":{"start":{"line":465,"column":8},"end":{"line":465,"column":15}},"loc":{"start":{"line":465,"column":8},"end":{"line":465,"column":16}}},"19":{"name":"(anonymous_21)","decl":{"start":{"line":472,"column":8},"end":{"line":472,"column":14}},"loc":{"start":{"line":472,"column":8},"end":{"line":472,"column":21}}},"20":{"name":"(anonymous_22)","decl":{"start":{"line":473,"column":8},"end":{"line":473,"column":15}},"loc":{"start":{"line":473,"column":8},"end":{"line":473,"column":16}}},"21":{"name":"(anonymous_23)","decl":{"start":{"line":480,"column":8},"end":{"line":480,"column":14}},"loc":{"start":{"line":480,"column":8},"end":{"line":480,"column":21}}},"22":{"name":"(anonymous_24)","decl":{"start":{"line":481,"column":8},"end":{"line":481,"column":15}},"loc":{"start":{"line":481,"column":8},"end":{"line":481,"column":16}}},"23":{"name":"(anonymous_25)","decl":{"start":{"line":488,"column":8},"end":{"line":488,"column":14}},"loc":{"start":{"line":488,"column":8},"end":{"line":488,"column":21}}},"24":{"name":"(anonymous_26)","decl":{"start":{"line":489,"column":8},"end":{"line":489,"column":15}},"loc":{"start":{"line":489,"column":8},"end":{"line":489,"column":16}}},"25":{"name":"(anonymous_27)","decl":{"start":{"line":496,"column":10},"end":{"line":496,"column":16}},"loc":{"start":{"line":496,"column":10},"end":{"line":496,"column":23}}},"26":{"name":"errorConstructor","decl":{"start":{"line":506,"column":10},"end":{"line":506,"column":26}},"loc":{"start":{"line":506,"column":57},"end":{"line":511,"column":2}}},"27":{"name":"(anonymous_29)","decl":{"start":{"line":514,"column":9},"end":{"line":514,"column":31}},"loc":{"start":{"line":514,"column":53},"end":{"line":525,"column":3}}}},"branchMap":{"0":{"loc":{"start":{"line":124,"column":1},"end":{"line":124,"column":null}},"type":"if","locations":[{"start":{"line":124,"column":1},"end":{"line":124,"column":null}},{"start":{"line":124,"column":1},"end":{"line":124,"column":null}}]},"1":{"loc":{"start":{"line":230,"column":2},"end":{"line":232,"column":null}},"type":"if","locations":[{"start":{"line":230,"column":2},"end":{"line":232,"column":null}},{"start":{"line":230,"column":2},"end":{"line":232,"column":null}}]},"2":{"loc":{"start":{"line":233,"column":2},"end":{"line":239,"column":null}},"type":"if","locations":[{"start":{"line":233,"column":2},"end":{"line":239,"column":null}},{"start":{"line":233,"column":2},"end":{"line":239,"column":null}}]},"3":{"loc":{"start":{"line":234,"column":42},"end":{"line":234,"column":44}},"type":"cond-expr","locations":[{"start":{"line":234,"column":42},"end":{"line":234,"column":44}},{"start":{"line":234,"column":42},"end":{"line":236,"column":null}}]},"4":{"loc":{"start":{"line":234,"column":25},"end":{"line":234,"column":44}},"type":"binary-expr","locations":[{"start":{"line":234,"column":25},"end":{"line":234,"column":44}},{"start":{"line":234,"column":42},"end":{"line":234,"column":44}}]},"5":{"loc":{"start":{"line":248,"column":2},"end":{"line":250,"column":null}},"type":"if","locations":[{"start":{"line":248,"column":2},"end":{"line":250,"column":null}},{"start":{"line":248,"column":2},"end":{"line":250,"column":null}}]},"6":{"loc":{"start":{"line":248,"column":6},"end":{"line":248,"column":12}},"type":"binary-expr","locations":[{"start":{"line":248,"column":6},"end":{"line":248,"column":12}},{"start":{"line":248,"column":16},"end":{"line":248,"column":21}}]},"7":{"loc":{"start":{"line":265,"column":3},"end":{"line":267,"column":null}},"type":"if","locations":[{"start":{"line":265,"column":3},"end":{"line":267,"column":null}},{"start":{"line":265,"column":3},"end":{"line":267,"column":null}}]},"8":{"loc":{"start":{"line":301,"column":59},"end":{"line":301,"column":63}},"type":"cond-expr","locations":[{"start":{"line":301,"column":59},"end":{"line":301,"column":63}},{"start":{"line":301,"column":66},"end":{"line":301,"column":71}}]},"9":{"loc":{"start":{"line":308,"column":2},"end":{"line":310,"column":null}},"type":"if","locations":[{"start":{"line":308,"column":2},"end":{"line":310,"column":null}},{"start":{"line":308,"column":2},"end":{"line":310,"column":null}}]},"10":{"loc":{"start":{"line":308,"column":6},"end":{"line":308,"column":28}},"type":"binary-expr","locations":[{"start":{"line":308,"column":6},"end":{"line":308,"column":28}},{"start":{"line":308,"column":32},"end":{"line":308,"column":92}}]},"11":{"loc":{"start":{"line":313,"column":3},"end":{"line":315,"column":null}},"type":"if","locations":[{"start":{"line":313,"column":3},"end":{"line":315,"column":null}},{"start":{"line":313,"column":3},"end":{"line":315,"column":null}}]},"12":{"loc":{"start":{"line":316,"column":3},"end":{"line":322,"column":null}},"type":"if","locations":[{"start":{"line":316,"column":3},"end":{"line":322,"column":null}},{"start":{"line":316,"column":3},"end":{"line":322,"column":null}}]},"13":{"loc":{"start":{"line":332,"column":3},"end":{"line":332,"column":null}},"type":"if","locations":[{"start":{"line":332,"column":3},"end":{"line":332,"column":null}},{"start":{"line":332,"column":3},"end":{"line":332,"column":null}}]},"14":{"loc":{"start":{"line":335,"column":4},"end":{"line":335,"column":37}},"type":"binary-expr","locations":[{"start":{"line":335,"column":4},"end":{"line":335,"column":37}},{"start":{"line":335,"column":41},"end":{"line":335,"column":54}}]},"15":{"loc":{"start":{"line":342,"column":31},"end":{"line":342,"column":82}},"type":"cond-expr","locations":[{"start":{"line":342,"column":31},"end":{"line":342,"column":82}},{"start":{"line":342,"column":85},"end":{"line":342,"column":87}}]},"16":{"loc":{"start":{"line":416,"column":4},"end":{"line":418,"column":null}},"type":"if","locations":[{"start":{"line":416,"column":4},"end":{"line":418,"column":null}},{"start":{"line":416,"column":4},"end":{"line":418,"column":null}}]},"17":{"loc":{"start":{"line":416,"column":8},"end":{"line":416,"column":13}},"type":"binary-expr","locations":[{"start":{"line":416,"column":8},"end":{"line":416,"column":13}},{"start":{"line":416,"column":17},"end":{"line":416,"column":25}}]},"18":{"loc":{"start":{"line":419,"column":4},"end":{"line":421,"column":null}},"type":"if","locations":[{"start":{"line":419,"column":4},"end":{"line":421,"column":null}},{"start":{"line":419,"column":4},"end":{"line":421,"column":null}}]},"19":{"loc":{"start":{"line":444,"column":11},"end":{"line":444,"column":null}},"type":"if","locations":[{"start":{"line":444,"column":11},"end":{"line":444,"column":null}},{"start":{"line":444,"column":11},"end":{"line":444,"column":null}}]},"20":{"loc":{"start":{"line":454,"column":14},"end":{"line":454,"column":15}},"type":"cond-expr","locations":[{"start":{"line":454,"column":14},"end":{"line":454,"column":15}},{"start":{"line":454,"column":18},"end":{"line":454,"column":19}}]},"21":{"loc":{"start":{"line":507,"column":2},"end":{"line":509,"column":null}},"type":"if","locations":[{"start":{"line":507,"column":2},"end":{"line":509,"column":null}},{"start":{"line":507,"column":2},"end":{"line":509,"column":null}}]},"22":{"loc":{"start":{"line":515,"column":3},"end":{"line":523,"column":null}},"type":"if","locations":[{"start":{"line":515,"column":3},"end":{"line":523,"column":null}},{"start":{"line":515,"column":3},"end":{"line":523,"column":null}}]},"23":{"loc":{"start":{"line":516,"column":4},"end":{"line":521,"column":null}},"type":"if","locations":[{"start":{"line":516,"column":4},"end":{"line":521,"column":null}},{"start":{"line":516,"column":4},"end":{"line":521,"column":null}}]},"24":{"loc":{"start":{"line":517,"column":5},"end":{"line":519,"column":null}},"type":"if","locations":[{"start":{"line":517,"column":5},"end":{"line":519,"column":null}},{"start":{"line":517,"column":5},"end":{"line":519,"column":null}}]}},"s":{"0":1,"1":1,"2":1,"3":1,"4":17,"5":9,"6":9,"7":9,"8":9,"9":19,"10":9,"11":9,"12":9,"13":9,"14":9,"15":9,"16":11,"17":11,"18":0,"19":0,"20":0,"21":0,"22":9,"23":11,"24":11,"25":0,"26":9,"27":11,"28":9,"29":16,"30":7,"31":7,"32":16,"33":0,"34":7,"35":7,"36":101,"37":7,"38":78,"39":7,"40":7,"41":7,"42":7,"43":7,"44":7,"45":7,"46":7,"47":7,"48":7,"49":7,"50":7,"51":1,"52":7,"53":11,"54":10,"55":1,"56":0,"57":0,"58":0,"59":0,"60":0,"61":1,"62":7,"63":22,"64":11,"65":11,"66":7,"67":7,"68":0,"69":16,"70":16,"71":0,"72":7,"73":16,"74":7,"75":7,"76":11,"77":11,"78":11,"79":11,"80":11,"81":11,"82":7,"83":7,"84":7,"85":2,"86":5,"87":1,"88":4,"89":4,"90":4,"91":4,"92":4,"93":7,"94":0,"95":0,"96":7,"97":0,"98":7,"99":0,"100":7,"101":4,"102":7,"103":0,"104":7,"105":1,"106":7,"107":9,"108":15,"109":7,"110":0,"111":7,"112":9,"113":3,"114":3,"115":2,"116":1,"117":1,"118":1,"119":0,"120":9,"121":1,"122":1},"f":{"0":9,"1":9,"2":9,"3":11,"4":11,"5":11,"6":16,"7":7,"8":101,"9":78,"10":11,"11":11,"12":0,"13":0,"14":11,"15":7,"16":0,"17":0,"18":0,"19":0,"20":0,"21":4,"22":0,"23":0,"24":0,"25":1,"26":7,"27":3},"b":{"0":[8,1],"1":[11,0],"2":[0,0],"3":[0,0],"4":[0,0],"5":[11,0],"6":[11,0],"7":[0,16],"8":[0,7],"9":[1,6],"10":[7,1],"11":[10,1],"12":[0,1],"13":[11,0],"14":[11,11],"15":[11,0],"16":[2,5],"17":[7,2],"18":[1,4],"19":[0,0],"20":[0,0],"21":[0,7],"22":[3,0],"23":[2,1],"24":[1,1]}}
}
