TN:
SF:src/index.ts
FN:122,(anonymous_1)
FN:126,(anonymous_2)
FN:225,(anonymous_3)
FN:229,(anonymous_4)
FN:243,(anonymous_5)
FN:254,(anonymous_6)
FN:258,(anonymous_7)
FN:262,errorFactory
FN:273,(anonymous_9)
FN:285,(anonymous_10)
FN:312,(anonymous_11)
FN:326,(anonymous_12)
FN:359,(anonymous_13)
FN:383,(anonymous_15)
FN:402,(anonymous_16)
FN:415,(anonymous_17)
FN:444,(anonymous_18)
FN:464,(anonymous_19)
FN:465,(anonymous_20)
FN:472,(anonymous_21)
FN:473,(anonymous_22)
FN:480,(anonymous_23)
FN:481,(anonymous_24)
FN:488,(anonymous_25)
FN:489,(anonymous_26)
FN:496,(anonymous_27)
FN:506,errorConstructor
FN:514,(anonymous_29)
FNF:28
FNH:18
FNDA:9,(anonymous_1)
FNDA:9,(anonymous_2)
FNDA:9,(anonymous_3)
FNDA:11,(anonymous_4)
FNDA:11,(anonymous_5)
FNDA:11,(anonymous_6)
FNDA:16,(anonymous_7)
FNDA:7,errorFactory
FNDA:101,(anonymous_9)
FNDA:78,(anonymous_10)
FNDA:11,(anonymous_11)
FNDA:11,(anonymous_12)
FNDA:0,(anonymous_13)
FNDA:0,(anonymous_15)
FNDA:11,(anonymous_16)
FNDA:7,(anonymous_17)
FNDA:0,(anonymous_18)
FNDA:0,(anonymous_19)
FNDA:0,(anonymous_20)
FNDA:0,(anonymous_21)
FNDA:0,(anonymous_22)
FNDA:4,(anonymous_23)
FNDA:0,(anonymous_24)
FNDA:0,(anonymous_25)
FNDA:0,(anonymous_26)
FNDA:1,(anonymous_27)
FNDA:7,errorConstructor
FNDA:3,(anonymous_29)
DA:1,1
DA:2,1
DA:3,1
DA:122,1
DA:124,17
DA:126,9
DA:127,9
DA:131,9
DA:132,9
DA:133,19
DA:135,9
DA:215,9
DA:217,9
DA:225,9
DA:226,9
DA:229,9
DA:230,11
DA:231,11
DA:233,0
DA:234,0
DA:238,0
DA:240,0
DA:243,9
DA:248,11
DA:249,11
DA:251,0
DA:254,9
DA:255,11
DA:258,9
DA:259,16
DA:263,7
DA:264,7
DA:265,16
DA:266,0
DA:271,7
DA:273,7
DA:277,101
DA:285,7
DA:288,78
DA:291,7
DA:294,7
DA:296,7
DA:297,7
DA:298,7
DA:299,7
DA:300,7
DA:301,7
DA:302,7
DA:303,7
DA:304,7
DA:308,7
DA:309,1
DA:312,7
DA:313,11
DA:314,10
DA:316,1
DA:317,0
DA:318,0
DA:319,0
DA:321,0
DA:323,1
DA:326,7
DA:332,22
DA:334,11
DA:343,11
DA:346,7
DA:357,7
DA:367,0
DA:379,16
DA:381,16
DA:382,16
DA:384,0
DA:393,7
DA:402,7
DA:403,11
DA:404,11
DA:405,11
DA:406,11
DA:407,11
DA:408,11
DA:411,7
DA:414,7
DA:416,7
DA:417,2
DA:419,5
DA:420,1
DA:422,4
DA:423,4
DA:424,4
DA:434,4
DA:435,4
DA:443,7
DA:444,0
DA:445,0
DA:463,7
DA:464,0
DA:471,7
DA:472,0
DA:479,7
DA:480,4
DA:487,7
DA:488,0
DA:495,7
DA:496,1
DA:502,7
DA:505,9
DA:506,15
DA:507,7
DA:508,0
DA:510,7
DA:513,9
DA:515,3
DA:516,3
DA:517,2
DA:518,1
DA:520,1
DA:522,1
DA:524,0
DA:531,9
DA:534,1
LF:120
LH:101
BRDA:124,0,0,8
BRDA:124,0,1,1
BRDA:230,1,0,11
BRDA:230,1,1,0
BRDA:233,2,0,0
BRDA:233,2,1,0
BRDA:234,3,0,0
BRDA:234,3,1,0
BRDA:234,4,0,0
BRDA:234,4,1,0
BRDA:248,5,0,11
BRDA:248,5,1,0
BRDA:248,6,0,11
BRDA:248,6,1,0
BRDA:265,7,0,0
BRDA:265,7,1,16
BRDA:301,8,0,0
BRDA:301,8,1,7
BRDA:308,9,0,1
BRDA:308,9,1,6
BRDA:308,10,0,7
BRDA:308,10,1,1
BRDA:313,11,0,10
BRDA:313,11,1,1
BRDA:316,12,0,0
BRDA:316,12,1,1
BRDA:332,13,0,11
BRDA:332,13,1,0
BRDA:335,14,0,11
BRDA:335,14,1,11
BRDA:342,15,0,11
BRDA:342,15,1,0
BRDA:416,16,0,2
BRDA:416,16,1,5
BRDA:416,17,0,7
BRDA:416,17,1,2
BRDA:419,18,0,1
BRDA:419,18,1,4
BRDA:444,19,0,0
BRDA:444,19,1,0
BRDA:454,20,0,0
BRDA:454,20,1,0
BRDA:507,21,0,0
BRDA:507,21,1,7
BRDA:515,22,0,3
BRDA:515,22,1,0
BRDA:516,23,0,2
BRDA:516,23,1,1
BRDA:517,24,0,1
BRDA:517,24,1,1
BRF:50
BRH:30
end_of_record
